<?xml version="1.0" encoding="UTF-8"?>
<!-- Generated by org.testng.reporters.JUnitXMLReporter -->
<testsuite hostname="ATMECSINDT-046" ignored="0" tests="0" failures="0" timestamp="29 Oct 2019 07:36:11 GMT" time="0.003" errors="0">
  <testcase name="@BeforeSuite initializeBrowser" time="0.0" classname="com.atmecs.automations.testbase.BrowserInvoke">
    <failure type="org.testng.TestNGException" message="
Parameter &amp;apos;browser&amp;apos; is required by BeforeSuite on method initializeBrowser but has not been marked @Optional or defined
">
      <![CDATA[org.testng.TestNGException: 
Parameter 'browser' is required by BeforeSuite on method initializeBrowser but has not been marked @Optional or defined

at com.atmecs.automation.testscripts.Suites.main(Suites.java:54)
... Removed 14 stack frames]]>
    </failure>
  </testcase> <!-- @BeforeSuite initializeBrowser -->
</testsuite>
